mobile/android/app/build/intermediates/manifest_merge_blame_file/vipDebug/processVipDebugMainManifest/manifest-merger-blame-vip-debug-report.txt
1<?xml version="1.0" encoding="utf-8"?>
2<manifest xmlns:android="http://schemas.android.com/apk/res/android"
3    package="com.setlist.setlist.vip"
4    android:versionCode="1"
5    android:versionName="1.0.0" >
6
7    <uses-sdk
8        android:minSdkVersion="24"
9        android:targetSdkVersion="36" />
10    <!--
11         The INTERNET permission is required for development. Specifically,
12         the Flutter tool needs it to communicate with the running application
13         to allow setting breakpoints, to provide hot reload, etc.
14    -->
15    <uses-permission android:name="android.permission.INTERNET" />
15-->src/debug/AndroidManifest.xml:6:5-66
15-->src/debug/AndroidManifest.xml:6:22-64
16    <!-- VIP-only permissions for background audio playback -->
17    <uses-permission android:name="android.permission.FOREGROUND_SERVICE" />
17-->src/vip/AndroidManifest.xml:3:5-77
17-->src/vip/AndroidManifest.xml:3:22-74
18    <uses-permission android:name="android.permission.FOREGROUND_SERVICE_MEDIA_PLAYBACK" />
18-->src/vip/AndroidManifest.xml:4:5-92
18-->src/vip/AndroidManifest.xml:4:22-89
19    <uses-permission android:name="android.permission.WAKE_LOCK" />
19-->src/vip/AndroidManifest.xml:5:5-68
19-->src/vip/AndroidManifest.xml:5:22-65
20    <!--
21 Required to query activities that can process text, see:
22         https://developer.android.com/training/package-visibility and
23         https://developer.android.com/reference/android/content/Intent#ACTION_PROCESS_TEXT.
24
25         In particular, this is used by the Flutter engine in io.flutter.plugin.text.ProcessTextPlugin.
26    -->
27    <queries>
27-->src/main/AndroidManifest.xml:55:5-60:15
28        <intent>
28-->src/main/AndroidManifest.xml:56:9-59:18
29            <action android:name="android.intent.action.PROCESS_TEXT" />
29-->src/main/AndroidManifest.xml:57:13-72
29-->src/main/AndroidManifest.xml:57:21-70
30
31            <data android:mimeType="text/plain" />
31-->src/main/AndroidManifest.xml:58:13-50
31-->src/main/AndroidManifest.xml:58:19-48
32        </intent>
33    </queries>
34
35    <uses-permission android:name="android.permission.ACCESS_NETWORK_STATE" />
35-->[androidx.media3:media3-common:1.4.1] AndroidManifest.xml:22:5-79
35-->[androidx.media3:media3-common:1.4.1] AndroidManifest.xml:22:22-76
36    <uses-permission android:name="android.permission.USE_BIOMETRIC" /> <!-- suppress DeprecatedClassUsageInspection -->
36-->[androidx.biometric:biometric:1.1.0] AndroidManifest.xml:24:5-72
36-->[androidx.biometric:biometric:1.1.0] AndroidManifest.xml:24:22-69
37    <uses-permission android:name="android.permission.USE_FINGERPRINT" />
37-->[androidx.biometric:biometric:1.1.0] AndroidManifest.xml:27:5-74
37-->[androidx.biometric:biometric:1.1.0] AndroidManifest.xml:27:22-71
38
39    <permission
39-->[androidx.core:core:1.17.0] AndroidManifest.xml:22:5-24:47
40        android:name="com.setlist.setlist.vip.DYNAMIC_RECEIVER_NOT_EXPORTED_PERMISSION"
40-->[androidx.core:core:1.17.0] AndroidManifest.xml:23:9-81
41        android:protectionLevel="signature" />
41-->[androidx.core:core:1.17.0] AndroidManifest.xml:24:9-44
42
43    <uses-permission android:name="com.setlist.setlist.vip.DYNAMIC_RECEIVER_NOT_EXPORTED_PERMISSION" />
43-->[androidx.core:core:1.17.0] AndroidManifest.xml:26:5-97
43-->[androidx.core:core:1.17.0] AndroidManifest.xml:26:22-94
44
45    <application
46        android:name="android.app.Application"
47        android:appComponentFactory="androidx.core.app.CoreComponentFactory"
47-->[androidx.core:core:1.17.0] AndroidManifest.xml:28:18-86
48        android:debuggable="true"
49        android:extractNativeLibs="false"
50        android:icon="@mipmap/launcher_icon"
51        android:label="SETLIST"
52        android:roundIcon="@mipmap/ic_launcher_round" >
53        <activity
54            android:name="com.setlist.setlist.MainActivity"
55            android:configChanges="orientation|keyboardHidden|keyboard|screenSize|smallestScreenSize|locale|layoutDirection|fontScale|screenLayout|density|uiMode"
56            android:exported="true"
57            android:hardwareAccelerated="true"
58            android:launchMode="singleTask"
59            android:taskAffinity=""
60            android:theme="@style/LaunchTheme"
61            android:windowSoftInputMode="adjustResize" >
62
63            <!--
64                 Specifies an Android theme to apply to this Activity as soon as
65                 the Android process has started. This theme is visible to the user
66                 while the Flutter UI initializes. After that, this theme continues
67                 to determine the Window background behind the Flutter UI.
68            -->
69            <meta-data
70                android:name="io.flutter.embedding.android.NormalTheme"
71                android:resource="@style/NormalTheme" />
72
73            <intent-filter>
74                <action android:name="android.intent.action.MAIN" />
75
76                <category android:name="android.intent.category.LAUNCHER" />
77            </intent-filter>
78
79            <!-- Setlist Login Deep Link -->
80            <intent-filter android:label="@string/app_name" >
81                <action android:name="android.intent.action.VIEW" />
82
83                <category android:name="android.intent.category.DEFAULT" />
84                <category android:name="android.intent.category.BROWSABLE" />
85
86                <data
86-->src/main/AndroidManifest.xml:58:13-50
87                    android:host="login-callback"
88                    android:scheme="io.supabase.setlist" />
89            </intent-filter>
90
91            <!-- Receive Shared Links (YouTube, etc) -->
92            <intent-filter>
93                <action android:name="android.intent.action.SEND" />
94
95                <category android:name="android.intent.category.DEFAULT" />
96
97                <data android:mimeType="text/plain" />
97-->src/main/AndroidManifest.xml:58:13-50
97-->src/main/AndroidManifest.xml:58:19-48
98            </intent-filter>
99        </activity>
100        <!--
101             Don't delete the meta-data below.
102             This is used by the Flutter tool to generate GeneratedPluginRegistrant.java
103        -->
104        <meta-data
105            android:name="flutterEmbedding"
106            android:value="2" />
107
108        <service
108-->[androidx.credentials:credentials-play-services-auth:1.5.0] AndroidManifest.xml:24:9-32:19
109            android:name="androidx.credentials.playservices.CredentialProviderMetadataHolder"
109-->[androidx.credentials:credentials-play-services-auth:1.5.0] AndroidManifest.xml:25:13-94
110            android:enabled="true"
110-->[androidx.credentials:credentials-play-services-auth:1.5.0] AndroidManifest.xml:26:13-35
111            android:exported="false" >
111-->[androidx.credentials:credentials-play-services-auth:1.5.0] AndroidManifest.xml:27:13-37
112            <meta-data
112-->[androidx.credentials:credentials-play-services-auth:1.5.0] AndroidManifest.xml:29:13-31:104
113                android:name="androidx.credentials.CREDENTIAL_PROVIDER_KEY"
113-->[androidx.credentials:credentials-play-services-auth:1.5.0] AndroidManifest.xml:30:17-76
114                android:value="androidx.credentials.playservices.CredentialProviderPlayServicesImpl" />
114-->[androidx.credentials:credentials-play-services-auth:1.5.0] AndroidManifest.xml:31:17-101
115        </service>
116
117        <activity
117-->[androidx.credentials:credentials-play-services-auth:1.5.0] AndroidManifest.xml:34:9-41:20
118            android:name="androidx.credentials.playservices.HiddenActivity"
118-->[androidx.credentials:credentials-play-services-auth:1.5.0] AndroidManifest.xml:35:13-76
119            android:configChanges="orientation|screenSize|screenLayout|keyboardHidden"
119-->[androidx.credentials:credentials-play-services-auth:1.5.0] AndroidManifest.xml:36:13-87
120            android:enabled="true"
120-->[androidx.credentials:credentials-play-services-auth:1.5.0] AndroidManifest.xml:37:13-35
121            android:exported="false"
121-->[androidx.credentials:credentials-play-services-auth:1.5.0] AndroidManifest.xml:38:13-37
122            android:fitsSystemWindows="true"
122-->[androidx.credentials:credentials-play-services-auth:1.5.0] AndroidManifest.xml:39:13-45
123            android:theme="@style/Theme.Hidden" >
123-->[androidx.credentials:credentials-play-services-auth:1.5.0] AndroidManifest.xml:40:13-48
124        </activity>
125        <activity
125-->[androidx.credentials:credentials-play-services-auth:1.5.0] AndroidManifest.xml:42:9-49:20
126            android:name="androidx.credentials.playservices.IdentityCredentialApiHiddenActivity"
126-->[androidx.credentials:credentials-play-services-auth:1.5.0] AndroidManifest.xml:43:13-97
127            android:configChanges="orientation|screenSize|screenLayout|keyboardHidden"
127-->[androidx.credentials:credentials-play-services-auth:1.5.0] AndroidManifest.xml:44:13-87
128            android:enabled="true"
128-->[androidx.credentials:credentials-play-services-auth:1.5.0] AndroidManifest.xml:45:13-35
129            android:exported="false"
129-->[androidx.credentials:credentials-play-services-auth:1.5.0] AndroidManifest.xml:46:13-37
130            android:fitsSystemWindows="true"
130-->[androidx.credentials:credentials-play-services-auth:1.5.0] AndroidManifest.xml:47:13-45
131            android:theme="@style/Theme.Hidden" >
131-->[androidx.credentials:credentials-play-services-auth:1.5.0] AndroidManifest.xml:48:13-48
132        </activity>
133        <activity
133-->[:url_launcher_android] AndroidManifest.xml:8:9-11:74
134            android:name="io.flutter.plugins.urllauncher.WebViewActivity"
134-->[:url_launcher_android] AndroidManifest.xml:9:13-74
135            android:exported="false"
135-->[:url_launcher_android] AndroidManifest.xml:10:13-37
136            android:theme="@android:style/Theme.NoTitleBar.Fullscreen" />
136-->[:url_launcher_android] AndroidManifest.xml:11:13-71
137
138        <uses-library
138-->[androidx.window:window:1.2.0] AndroidManifest.xml:23:9-25:40
139            android:name="androidx.window.extensions"
139-->[androidx.window:window:1.2.0] AndroidManifest.xml:24:13-54
140            android:required="false" />
140-->[androidx.window:window:1.2.0] AndroidManifest.xml:25:13-37
141        <uses-library
141-->[androidx.window:window:1.2.0] AndroidManifest.xml:26:9-28:40
142            android:name="androidx.window.sidecar"
142-->[androidx.window:window:1.2.0] AndroidManifest.xml:27:13-51
143            android:required="false" />
143-->[androidx.window:window:1.2.0] AndroidManifest.xml:28:13-37
144
145        <activity
145-->[com.google.android.gms:play-services-auth:21.4.0] AndroidManifest.xml:23:9-27:75
146            android:name="com.google.android.gms.auth.api.signin.internal.SignInHubActivity"
146-->[com.google.android.gms:play-services-auth:21.4.0] AndroidManifest.xml:24:13-93
147            android:excludeFromRecents="true"
147-->[com.google.android.gms:play-services-auth:21.4.0] AndroidManifest.xml:25:13-46
148            android:exported="false"
148-->[com.google.android.gms:play-services-auth:21.4.0] AndroidManifest.xml:26:13-37
149            android:theme="@android:style/Theme.Translucent.NoTitleBar" />
149-->[com.google.android.gms:play-services-auth:21.4.0] AndroidManifest.xml:27:13-72
150        <!--
151            Service handling Google Sign-In user revocation. For apps that do not integrate with
152            Google Sign-In, this service will never be started.
153        -->
154        <service
154-->[com.google.android.gms:play-services-auth:21.4.0] AndroidManifest.xml:33:9-37:51
155            android:name="com.google.android.gms.auth.api.signin.RevocationBoundService"
155-->[com.google.android.gms:play-services-auth:21.4.0] AndroidManifest.xml:34:13-89
156            android:exported="true"
156-->[com.google.android.gms:play-services-auth:21.4.0] AndroidManifest.xml:35:13-36
157            android:permission="com.google.android.gms.auth.api.signin.permission.REVOCATION_NOTIFICATION"
157-->[com.google.android.gms:play-services-auth:21.4.0] AndroidManifest.xml:36:13-107
158            android:visibleToInstantApps="true" />
158-->[com.google.android.gms:play-services-auth:21.4.0] AndroidManifest.xml:37:13-48
159
160        <activity
160-->[com.google.android.gms:play-services-base:18.5.0] AndroidManifest.xml:5:9-173
161            android:name="com.google.android.gms.common.api.GoogleApiActivity"
161-->[com.google.android.gms:play-services-base:18.5.0] AndroidManifest.xml:5:19-85
162            android:exported="false"
162-->[com.google.android.gms:play-services-base:18.5.0] AndroidManifest.xml:5:146-170
163            android:theme="@android:style/Theme.Translucent.NoTitleBar" />
163-->[com.google.android.gms:play-services-base:18.5.0] AndroidManifest.xml:5:86-145
164
165        <meta-data
165-->[com.google.android.gms:play-services-basement:18.5.0] AndroidManifest.xml:21:9-23:69
166            android:name="com.google.android.gms.version"
166-->[com.google.android.gms:play-services-basement:18.5.0] AndroidManifest.xml:22:13-58
167            android:value="@integer/google_play_services_version" />
167-->[com.google.android.gms:play-services-basement:18.5.0] AndroidManifest.xml:23:13-66
168
169        <provider
169-->[androidx.lifecycle:lifecycle-process:2.7.0] AndroidManifest.xml:24:9-32:20
170            android:name="androidx.startup.InitializationProvider"
170-->[androidx.lifecycle:lifecycle-process:2.7.0] AndroidManifest.xml:25:13-67
171            android:authorities="com.setlist.setlist.vip.androidx-startup"
171-->[androidx.lifecycle:lifecycle-process:2.7.0] AndroidManifest.xml:26:13-68
172            android:exported="false" >
172-->[androidx.lifecycle:lifecycle-process:2.7.0] AndroidManifest.xml:27:13-37
173            <meta-data
173-->[androidx.lifecycle:lifecycle-process:2.7.0] AndroidManifest.xml:29:13-31:52
174                android:name="androidx.lifecycle.ProcessLifecycleInitializer"
174-->[androidx.lifecycle:lifecycle-process:2.7.0] AndroidManifest.xml:30:17-78
175                android:value="androidx.startup" />
175-->[androidx.lifecycle:lifecycle-process:2.7.0] AndroidManifest.xml:31:17-49
176            <meta-data
176-->[androidx.profileinstaller:profileinstaller:1.3.1] AndroidManifest.xml:29:13-31:52
177                android:name="androidx.profileinstaller.ProfileInstallerInitializer"
177-->[androidx.profileinstaller:profileinstaller:1.3.1] AndroidManifest.xml:30:17-85
178                android:value="androidx.startup" />
178-->[androidx.profileinstaller:profileinstaller:1.3.1] AndroidManifest.xml:31:17-49
179        </provider>
180
181        <receiver
181-->[androidx.profileinstaller:profileinstaller:1.3.1] AndroidManifest.xml:34:9-52:20
182            android:name="androidx.profileinstaller.ProfileInstallReceiver"
182-->[androidx.profileinstaller:profileinstaller:1.3.1] AndroidManifest.xml:35:13-76
183            android:directBootAware="false"
183-->[androidx.profileinstaller:profileinstaller:1.3.1] AndroidManifest.xml:36:13-44
184            android:enabled="true"
184-->[androidx.profileinstaller:profileinstaller:1.3.1] AndroidManifest.xml:37:13-35
185            android:exported="true"
185-->[androidx.profileinstaller:profileinstaller:1.3.1] AndroidManifest.xml:38:13-36
186            android:permission="android.permission.DUMP" >
186-->[androidx.profileinstaller:profileinstaller:1.3.1] AndroidManifest.xml:39:13-57
187            <intent-filter>
187-->[androidx.profileinstaller:profileinstaller:1.3.1] AndroidManifest.xml:40:13-42:29
188                <action android:name="androidx.profileinstaller.action.INSTALL_PROFILE" />
188-->[androidx.profileinstaller:profileinstaller:1.3.1] AndroidManifest.xml:41:17-91
188-->[androidx.profileinstaller:profileinstaller:1.3.1] AndroidManifest.xml:41:25-88
189            </intent-filter>
190            <intent-filter>
190-->[androidx.profileinstaller:profileinstaller:1.3.1] AndroidManifest.xml:43:13-45:29
191                <action android:name="androidx.profileinstaller.action.SKIP_FILE" />
191-->[androidx.profileinstaller:profileinstaller:1.3.1] AndroidManifest.xml:44:17-85
191-->[androidx.profileinstaller:profileinstaller:1.3.1] AndroidManifest.xml:44:25-82
192            </intent-filter>
193            <intent-filter>
193-->[androidx.profileinstaller:profileinstaller:1.3.1] AndroidManifest.xml:46:13-48:29
194                <action android:name="androidx.profileinstaller.action.SAVE_PROFILE" />
194-->[androidx.profileinstaller:profileinstaller:1.3.1] AndroidManifest.xml:47:17-88
194-->[androidx.profileinstaller:profileinstaller:1.3.1] AndroidManifest.xml:47:25-85
195            </intent-filter>
196            <intent-filter>
196-->[androidx.profileinstaller:profileinstaller:1.3.1] AndroidManifest.xml:49:13-51:29
197                <action android:name="androidx.profileinstaller.action.BENCHMARK_OPERATION" />
197-->[androidx.profileinstaller:profileinstaller:1.3.1] AndroidManifest.xml:50:17-95
197-->[androidx.profileinstaller:profileinstaller:1.3.1] AndroidManifest.xml:50:25-92
198            </intent-filter>
199        </receiver>
200    </application>
201
202</manifest>